[2016-01-17 22:22:41.422] [INFO] crm - ######################Testing################################
[2016-01-17 22:22:41.429] [INFO] crm - i18n: Welcome to HXX-CRM
[2016-01-17 22:22:41.924] [DEBUG] crm - [IP] - current available key: IP000000004
[2016-01-17 22:23:36.221] [INFO] crm - login User Name: admin
[2016-01-17 22:36:49.168] [INFO] crm - ######################Testing################################
[2016-01-17 22:36:49.176] [INFO] crm - i18n: Welcome to HXX-CRM
[2016-01-17 22:36:49.724] [DEBUG] crm - [IP] - current available key: IP000000004
[2016-01-17 22:36:57.221] [INFO] crm - login User Name: admin
[2016-01-22 08:03:02.941] [INFO] crm - ######################Testing################################
[2016-01-22 08:03:02.945] [INFO] crm - i18n: Welcome to HXX-CRM
[2016-01-22 08:03:25.394] [INFO] crm - login User Name: admin
[2016-01-22 08:04:15.918] [INFO] crm - login User Name: admin
[2016-01-22 08:04:19.433] [INFO] crm - login User Name: admin
[2016-01-22 08:10:03.001] [INFO] crm - login User Name: admin
[2016-01-22 08:24:31.855] [INFO] crm - ######################Testing################################
[2016-01-22 08:24:31.859] [INFO] crm - i18n: Welcome to HXX-CRM
[2016-01-22 08:24:40.222] [INFO] crm - login User Name: admin
[2016-01-22 08:28:55.246] [INFO] crm - ######################Testing################################
[2016-01-22 08:28:55.250] [INFO] crm - i18n: Welcome to HXX-CRM
[2016-01-22 08:29:02.131] [INFO] crm - login User Name: admin
[2016-01-22 08:35:04.675] [INFO] crm - ######################Testing################################
[2016-01-22 08:35:04.678] [INFO] crm - i18n: Welcome to HXX-CRM
[2016-01-22 08:35:13.351] [INFO] crm - login User Name: admin
[2016-01-22 08:35:32.499] [DEBUG] crm - IP[IPBasicModel] - Saving IP Record: 
[2016-01-23 08:36:04.783] [INFO] crm - ######################Testing################################
[2016-01-23 08:36:04.791] [INFO] crm - i18n: Welcome to HXX-CRM
[2016-01-23 08:36:22.787] [INFO] crm - login User Name: admin
[2016-01-23 08:36:46.064] [DEBUG] crm - IP[IPBasicModel] - Saving IP Record: 
[2016-01-23 08:38:28.247] [INFO] crm - ######################Testing################################
[2016-01-23 08:38:28.255] [INFO] crm - i18n: Welcome to HXX-CRM
[2016-01-23 08:38:37.917] [INFO] crm - login User Name: admin
[2016-01-23 08:39:12.928] [DEBUG] crm - IP[IPBasicModel] - Saving IP Record: 
[2016-01-23 08:48:11.150] [INFO] crm - ######################Testing################################
[2016-01-23 08:48:11.159] [INFO] crm - i18n: Welcome to HXX-CRM
[2016-01-23 08:51:03.282] [INFO] crm - ######################Testing################################
[2016-01-23 08:51:03.292] [INFO] crm - i18n: Welcome to HXX-CRM
[2016-01-23 08:52:06.595] [INFO] crm - login User Name: admin
[2016-01-23 08:52:23.395] [DEBUG] crm - IP[IPBasicModel] - Saving IP Record: 
[2016-01-23 08:55:09.544] [INFO] crm - ######################Testing################################
[2016-01-23 08:55:09.554] [INFO] crm - i18n: Welcome to HXX-CRM
[2016-01-23 08:55:15.140] [INFO] crm - login User Name: admin
[2016-01-23 08:55:29.950] [DEBUG] crm - IP[IPBasicModel] - Saving IP Record: 
[2016-01-23 08:57:06.735] [INFO] crm - ######################Testing################################
[2016-01-23 08:57:06.744] [INFO] crm - i18n: Welcome to HXX-CRM
[2016-01-23 08:57:13.780] [INFO] crm - login User Name: admin
[2016-01-23 08:57:27.974] [DEBUG] crm - IP[IPBasicModel] - Saving IP Record: 
[2016-01-23 08:59:06.374] [INFO] crm - ######################Testing################################
[2016-01-23 08:59:06.387] [INFO] crm - i18n: Welcome to HXX-CRM
[2016-01-23 08:59:14.111] [INFO] crm - login User Name: admin
[2016-01-23 08:59:30.282] [DEBUG] crm - IP[IPBasicModel] - Saving IP Record: 
[2016-04-20 22:17:02.736] [INFO] crm - ######################Testing################################
[2016-04-20 22:17:02.767] [INFO] crm - i18n: Welcome to HXX-CRM
[2016-04-20 22:17:41.170] [INFO] crm - ######################Testing################################
[2016-04-20 22:17:41.183] [INFO] crm - i18n: Welcome to HXX-CRM
[2016-04-20 22:18:08.324] [INFO] crm - login User Name: admin
