[2016-04-20 22:18:40.186] [INFO] http - ::1 - - "GET /IP/create HTTP/1.1" 200 935 "http://localhost:3000/index" "Mozilla/5.0 (Windows NT 6.1; WOW64) AppleWebKit/537.36 (KHTML, like Gecko) Chrome/50.0.2661.75 Safari/537.36"
[2016-04-20 22:18:40.202] [WARN] http - ::1 - - "GET /stylesheets/bootstrap/bootstrap.min.css HTTP/1.1" 304 - "http://localhost:3000/IP/create" "Mozilla/5.0 (Windows NT 6.1; WOW64) AppleWebKit/537.36 (KHTML, like Gecko) Chrome/50.0.2661.75 Safari/537.36"
[2016-04-20 22:18:40.211] [WARN] http - ::1 - - "GET /stylesheets/bootstrap/bootstrap-theme.min.css HTTP/1.1" 304 - "http://localhost:3000/IP/create" "Mozilla/5.0 (Windows NT 6.1; WOW64) AppleWebKit/537.36 (KHTML, like Gecko) Chrome/50.0.2661.75 Safari/537.36"
[2016-04-20 22:18:40.214] [WARN] http - ::1 - - "GET /stylesheets/jqueryUI/jquery-ui.min.css HTTP/1.1" 304 - "http://localhost:3000/IP/create" "Mozilla/5.0 (Windows NT 6.1; WOW64) AppleWebKit/537.36 (KHTML, like Gecko) Chrome/50.0.2661.75 Safari/537.36"
[2016-04-20 22:18:40.221] [WARN] http - ::1 - - "GET /stylesheets/hxx-components.css HTTP/1.1" 304 - "http://localhost:3000/IP/create" "Mozilla/5.0 (Windows NT 6.1; WOW64) AppleWebKit/537.36 (KHTML, like Gecko) Chrome/50.0.2661.75 Safari/537.36"
[2016-04-20 22:18:40.223] [WARN] http - ::1 - - "GET /stylesheets/hxx-grids.css HTTP/1.1" 304 - "http://localhost:3000/IP/create" "Mozilla/5.0 (Windows NT 6.1; WOW64) AppleWebKit/537.36 (KHTML, like Gecko) Chrome/50.0.2661.75 Safari/537.36"
[2016-04-20 22:18:40.226] [WARN] http - ::1 - - "GET /stylesheets/crm.css HTTP/1.1" 304 - "http://localhost:3000/IP/create" "Mozilla/5.0 (Windows NT 6.1; WOW64) AppleWebKit/537.36 (KHTML, like Gecko) Chrome/50.0.2661.75 Safari/537.36"
[2016-04-20 22:18:40.228] [WARN] http - ::1 - - "GET /js/lib/require/require.js HTTP/1.1" 304 - "http://localhost:3000/IP/create" "Mozilla/5.0 (Windows NT 6.1; WOW64) AppleWebKit/537.36 (KHTML, like Gecko) Chrome/50.0.2661.75 Safari/537.36"
[2016-04-20 22:18:40.316] [INFO] http - ::1 - - "GET /js/lib/crm/ip.js HTTP/1.1" 200 2058 "http://localhost:3000/IP/create" "Mozilla/5.0 (Windows NT 6.1; WOW64) AppleWebKit/537.36 (KHTML, like Gecko) Chrome/50.0.2661.75 Safari/537.36"
[2016-04-20 22:18:40.327] [WARN] http - ::1 - - "GET /js/lib/framework.js HTTP/1.1" 304 - "http://localhost:3000/IP/create" "Mozilla/5.0 (Windows NT 6.1; WOW64) AppleWebKit/537.36 (KHTML, like Gecko) Chrome/50.0.2661.75 Safari/537.36"
[2016-04-20 22:18:40.344] [WARN] http - ::1 - - "GET /js/lib/require/i18n.js HTTP/1.1" 304 - "http://localhost:3000/IP/create" "Mozilla/5.0 (Windows NT 6.1; WOW64) AppleWebKit/537.36 (KHTML, like Gecko) Chrome/50.0.2661.75 Safari/537.36"
[2016-04-20 22:18:40.349] [WARN] http - ::1 - - "GET /js/lib/jq/jquery.min.js HTTP/1.1" 304 - "http://localhost:3000/IP/create" "Mozilla/5.0 (Windows NT 6.1; WOW64) AppleWebKit/537.36 (KHTML, like Gecko) Chrome/50.0.2661.75 Safari/537.36"
[2016-04-20 22:18:40.355] [WARN] http - ::1 - - "GET /js/lib/components/formFields.js HTTP/1.1" 304 - "http://localhost:3000/IP/create" "Mozilla/5.0 (Windows NT 6.1; WOW64) AppleWebKit/537.36 (KHTML, like Gecko) Chrome/50.0.2661.75 Safari/537.36"
[2016-04-20 22:18:40.361] [INFO] http - ::1 - - "GET /js/lib/crm/ip-basic.js HTTP/1.1" 200 220 "http://localhost:3000/IP/create" "Mozilla/5.0 (Windows NT 6.1; WOW64) AppleWebKit/537.36 (KHTML, like Gecko) Chrome/50.0.2661.75 Safari/537.36"
[2016-04-20 22:18:40.363] [INFO] http - ::1 - - "GET /js/lib/crm/config/ipBasicLayout.js HTTP/1.1" 200 1478 "http://localhost:3000/IP/create" "Mozilla/5.0 (Windows NT 6.1; WOW64) AppleWebKit/537.36 (KHTML, like Gecko) Chrome/50.0.2661.75 Safari/537.36"
[2016-04-20 22:18:40.378] [INFO] http - ::1 - - "GET /js/lib/components/tabs.js HTTP/1.1" 200 1793 "http://localhost:3000/IP/create" "Mozilla/5.0 (Windows NT 6.1; WOW64) AppleWebKit/537.36 (KHTML, like Gecko) Chrome/50.0.2661.75 Safari/537.36"
[2016-04-20 22:18:40.399] [INFO] http - ::1 - - "GET /js/lib/components/table.js HTTP/1.1" 200 7074 "http://localhost:3000/IP/create" "Mozilla/5.0 (Windows NT 6.1; WOW64) AppleWebKit/537.36 (KHTML, like Gecko) Chrome/50.0.2661.75 Safari/537.36"
[2016-04-20 22:18:40.408] [INFO] http - ::1 - - "GET /js/lib/components/formMgr.js HTTP/1.1" 200 4354 "http://localhost:3000/IP/create" "Mozilla/5.0 (Windows NT 6.1; WOW64) AppleWebKit/537.36 (KHTML, like Gecko) Chrome/50.0.2661.75 Safari/537.36"
[2016-04-20 22:18:40.416] [WARN] http - ::1 - - "GET /nls/ResourceMessage.js HTTP/1.1" 304 - "http://localhost:3000/IP/create" "Mozilla/5.0 (Windows NT 6.1; WOW64) AppleWebKit/537.36 (KHTML, like Gecko) Chrome/50.0.2661.75 Safari/537.36"
[2016-04-20 22:18:40.427] [WARN] http - ::1 - - "GET /js/lib/require/text.js HTTP/1.1" 304 - "http://localhost:3000/IP/create" "Mozilla/5.0 (Windows NT 6.1; WOW64) AppleWebKit/537.36 (KHTML, like Gecko) Chrome/50.0.2661.75 Safari/537.36"
[2016-04-20 22:18:40.432] [WARN] http - ::1 - - "GET /js/lib/components/pub-sub.js HTTP/1.1" 304 - "http://localhost:3000/IP/create" "Mozilla/5.0 (Windows NT 6.1; WOW64) AppleWebKit/537.36 (KHTML, like Gecko) Chrome/50.0.2661.75 Safari/537.36"
[2016-04-20 22:18:40.433] [WARN] http - ::1 - - "GET /js/lib/components/combobox.js HTTP/1.1" 304 - "http://localhost:3000/IP/create" "Mozilla/5.0 (Windows NT 6.1; WOW64) AppleWebKit/537.36 (KHTML, like Gecko) Chrome/50.0.2661.75 Safari/537.36"
[2016-04-20 22:18:40.435] [INFO] http - ::1 - - "GET /js/lib/bootstrap/bootstrap.min.js HTTP/1.1" 200 36868 "http://localhost:3000/IP/create" "Mozilla/5.0 (Windows NT 6.1; WOW64) AppleWebKit/537.36 (KHTML, like Gecko) Chrome/50.0.2661.75 Safari/537.36"
[2016-04-20 22:18:40.438] [WARN] http - ::1 - - "GET /js/lib/ko/knockout-3.4.0.js HTTP/1.1" 304 - "http://localhost:3000/IP/create" "Mozilla/5.0 (Windows NT 6.1; WOW64) AppleWebKit/537.36 (KHTML, like Gecko) Chrome/50.0.2661.75 Safari/537.36"
[2016-04-20 22:18:40.456] [INFO] http - ::1 - - "GET /js/lib/components/accordion.js HTTP/1.1" 200 1027 "http://localhost:3000/IP/create" "Mozilla/5.0 (Windows NT 6.1; WOW64) AppleWebKit/537.36 (KHTML, like Gecko) Chrome/50.0.2661.75 Safari/537.36"
[2016-04-20 22:18:40.484] [WARN] http - ::1 - - "GET /js/lib/components/templates/formFields.html HTTP/1.1" 304 - "http://localhost:3000/IP/create" "Mozilla/5.0 (Windows NT 6.1; WOW64) AppleWebKit/537.36 (KHTML, like Gecko) Chrome/50.0.2661.75 Safari/537.36"
[2016-04-20 22:18:40.486] [WARN] http - ::1 - - "GET /js/lib/jqValidation/jquery.validate.js HTTP/1.1" 304 - "http://localhost:3000/IP/create" "Mozilla/5.0 (Windows NT 6.1; WOW64) AppleWebKit/537.36 (KHTML, like Gecko) Chrome/50.0.2661.75 Safari/537.36"
[2016-04-20 22:18:40.487] [WARN] http - ::1 - - "GET /js/lib/components/templates/combobox.html HTTP/1.1" 304 - "http://localhost:3000/IP/create" "Mozilla/5.0 (Windows NT 6.1; WOW64) AppleWebKit/537.36 (KHTML, like Gecko) Chrome/50.0.2661.75 Safari/537.36"
[2016-04-20 22:18:40.491] [INFO] http - ::1 - - "GET /js/lib/components/templates/tabs.html HTTP/1.1" 200 529 "http://localhost:3000/IP/create" "Mozilla/5.0 (Windows NT 6.1; WOW64) AppleWebKit/537.36 (KHTML, like Gecko) Chrome/50.0.2661.75 Safari/537.36"
[2016-04-20 22:18:40.492] [WARN] http - ::1 - - "GET /nls/zh/ResourceMessage.js HTTP/1.1" 304 - "http://localhost:3000/IP/create" "Mozilla/5.0 (Windows NT 6.1; WOW64) AppleWebKit/537.36 (KHTML, like Gecko) Chrome/50.0.2661.75 Safari/537.36"
[2016-04-20 22:18:40.499] [WARN] http - ::1 - - "GET /js/lib/ko/knockout-hxx.js HTTP/1.1" 304 - "http://localhost:3000/IP/create" "Mozilla/5.0 (Windows NT 6.1; WOW64) AppleWebKit/537.36 (KHTML, like Gecko) Chrome/50.0.2661.75 Safari/537.36"
[2016-04-20 22:18:40.504] [INFO] http - ::1 - - "GET /js/lib/components/templates/table.html HTTP/1.1" 200 2253 "http://localhost:3000/IP/create" "Mozilla/5.0 (Windows NT 6.1; WOW64) AppleWebKit/537.36 (KHTML, like Gecko) Chrome/50.0.2661.75 Safari/537.36"
[2016-04-20 22:18:40.529] [WARN] http - ::1 - - "GET /js/lib/jqValidation/additional-methods.min.js HTTP/1.1" 304 - "http://localhost:3000/IP/create" "Mozilla/5.0 (Windows NT 6.1; WOW64) AppleWebKit/537.36 (KHTML, like Gecko) Chrome/50.0.2661.75 Safari/537.36"
[2016-04-20 22:18:40.538] [WARN] http - ::1 - - "GET /js/lib/moment/moment.js HTTP/1.1" 304 - "http://localhost:3000/IP/create" "Mozilla/5.0 (Windows NT 6.1; WOW64) AppleWebKit/537.36 (KHTML, like Gecko) Chrome/50.0.2661.75 Safari/537.36"
[2016-04-20 22:18:40.539] [WARN] http - ::1 - - "GET /js/lib/components/templates/radio.html HTTP/1.1" 304 - "http://localhost:3000/IP/create" "Mozilla/5.0 (Windows NT 6.1; WOW64) AppleWebKit/537.36 (KHTML, like Gecko) Chrome/50.0.2661.75 Safari/537.36"
[2016-04-20 22:18:40.548] [WARN] http - ::1 - - "GET /js/lib/components/templates/input.html HTTP/1.1" 304 - "http://localhost:3000/IP/create" "Mozilla/5.0 (Windows NT 6.1; WOW64) AppleWebKit/537.36 (KHTML, like Gecko) Chrome/50.0.2661.75 Safari/537.36"
[2016-04-20 22:18:40.549] [WARN] http - ::1 - - "GET /js/lib/components/templates/button.html HTTP/1.1" 304 - "http://localhost:3000/IP/create" "Mozilla/5.0 (Windows NT 6.1; WOW64) AppleWebKit/537.36 (KHTML, like Gecko) Chrome/50.0.2661.75 Safari/537.36"
[2016-04-20 22:18:40.551] [WARN] http - ::1 - - "GET /js/lib/components/templates/textarea.html HTTP/1.1" 304 - "http://localhost:3000/IP/create" "Mozilla/5.0 (Windows NT 6.1; WOW64) AppleWebKit/537.36 (KHTML, like Gecko) Chrome/50.0.2661.75 Safari/537.36"
[2016-04-20 22:18:40.557] [INFO] http - ::1 - - "GET /js/lib/components/templates/accordion.html HTTP/1.1" 200 1278 "http://localhost:3000/IP/create" "Mozilla/5.0 (Windows NT 6.1; WOW64) AppleWebKit/537.36 (KHTML, like Gecko) Chrome/50.0.2661.75 Safari/537.36"
[2016-04-20 22:18:40.607] [INFO] http - ::1 - - "GET /js/lib/jq/jquery-ui.min.js HTTP/1.1" 200 240422 "http://localhost:3000/IP/create" "Mozilla/5.0 (Windows NT 6.1; WOW64) AppleWebKit/537.36 (KHTML, like Gecko) Chrome/50.0.2661.75 Safari/537.36"
[2016-04-20 22:18:49.974] [INFO] http - ::1 - - "POST /IP/search HTTP/1.1" 200 471 "http://localhost:3000/index" "Mozilla/5.0 (Windows NT 6.1; WOW64) AppleWebKit/537.36 (KHTML, like Gecko) Chrome/50.0.2661.75 Safari/537.36"
